c:\users\justi\documents\visual studio 2015\projects\ags_sdk-master\ags_sample\bin\ags_wrapper.lib
c:\users\justi\documents\visual studio 2015\projects\ags_sdk-master\ags_sample\bin\ags_wrapper.exp
c:\users\justi\documents\visual studio 2015\projects\sharpdx sample\bin\debug\ags_wrapper.lib
c:\users\justi\documents\visual studio 2015\projects\sharpdx sample\bin\debug\ags_wrapper.exp
c:\users\justi\documents\visual studio 2015\projects\ags_sdk-master\ags_sample\build\desktop_2015\x64\debug\vc140.pdb
c:\users\justi\documents\visual studio 2015\projects\ags_sdk-master\ags_sample\build\desktop_2015\x64\debug\vc140.idb
c:\users\justi\documents\visual studio 2015\projects\ags_sdk-master\ags_sample\build\desktop_2015\x64\debug\wrapper.obj
c:\users\justi\documents\visual studio 2015\projects\ags_sdk-master\ags_sample\build\desktop_2015\x64\debug\amd_texture2d.obj
c:\users\justi\documents\visual studio 2015\projects\ags_sdk-master\ags_sample\build\desktop_2015\x64\debug\directxsh.obj
c:\users\justi\documents\visual studio 2015\projects\ags_sdk-master\ags_sample\build\desktop_2015\x64\debug\directxshd3d11.obj
c:\users\justi\documents\visual studio 2015\projects\ags_sdk-master\ags_sample\build\desktop_2015\x64\debug\agssample.obj
c:\users\justi\documents\visual studio 2015\projects\ags_sdk-master\ags_sample\build\desktop_2015\x64\debug\amd_aofx.obj
c:\users\justi\documents\visual studio 2015\projects\ags_sdk-master\ags_sample\build\desktop_2015\x64\debug\amd_aofx_opaque.obj
c:\users\justi\documents\visual studio 2015\projects\ags_sdk-master\ags_sample\build\desktop_2015\x64\debug\agssample.tlog\agssample.write.1u.tlog
c:\users\justi\documents\visual studio 2015\projects\ags_sdk-master\ags_sample\build\desktop_2015\x64\debug\agssample.tlog\cl.command.1.tlog
c:\users\justi\documents\visual studio 2015\projects\ags_sdk-master\ags_sample\build\desktop_2015\x64\debug\agssample.tlog\cl.read.1.tlog
c:\users\justi\documents\visual studio 2015\projects\ags_sdk-master\ags_sample\build\desktop_2015\x64\debug\agssample.tlog\cl.write.1.tlog
c:\users\justi\documents\visual studio 2015\projects\ags_sdk-master\ags_sample\build\desktop_2015\x64\debug\agssample.tlog\link.command.1.tlog
c:\users\justi\documents\visual studio 2015\projects\ags_sdk-master\ags_sample\build\desktop_2015\x64\debug\agssample.tlog\link.read.1.tlog
c:\users\justi\documents\visual studio 2015\projects\ags_sdk-master\ags_sample\build\desktop_2015\x64\debug\agssample.tlog\link.write.1.tlog
